<?xml version="1.0" encoding="UTF-8"?>
<!-- Generated by org.testng.reporters.JUnitXMLReporter -->
<testsuite ignored="0" hostname="Navadeep" failures="0" tests="4" name="Default test" time="8.727" errors="0" timestamp="2025-08-03T22:48:25 IST">
  <testcase classname="tests.LoginTests" name="testInvalidLoginShowsError" time="0.873"/>
  <testcase classname="tests.LoginTests" name="testLoginButtonDisabledWhenFieldsAreEmpty" time="0.32"/>
  <testcase classname="tests.LoginTests" name="testPasswordMaskedToggle" time="0.137"/>
  <testcase classname="tests.LoginTests" name="testUIElementsPresence" time="0.053"/>
</testsuite> <!-- Default test -->
