<?xml version="1.0" encoding="UTF-8"?>
<testng-results ignored="0" total="4" passed="4" failed="0" skipped="0">
  <reporter-output>
  </reporter-output>
  <suite started-at="2025-08-03T22:48:17 IST" name="Default suite" finished-at="2025-08-03T22:48:25 IST" duration-ms="8727">
    <groups>
    </groups>
    <test started-at="2025-08-03T22:48:17 IST" name="Default test" finished-at="2025-08-03T22:48:25 IST" duration-ms="8727">
      <class name="tests.LoginTests">
        <test-method is-config="true" signature="setUp()[pri:0, instance:tests.LoginTests@48aca48b]" started-at="2025-08-03T22:48:17 IST" name="setUp" finished-at="2025-08-03T22:48:24 IST" duration-ms="7034" status="PASS">
          <reporter-output>
          </reporter-output>
        </test-method> <!-- setUp -->
        <test-method signature="testInvalidLoginShowsError()[pri:0, instance:tests.LoginTests@48aca48b]" started-at="2025-08-03T22:48:24 IST" name="testInvalidLoginShowsError" finished-at="2025-08-03T22:48:24 IST" duration-ms="873" status="PASS">
          <reporter-output>
          </reporter-output>
        </test-method> <!-- testInvalidLoginShowsError -->
        <test-method signature="testLoginButtonDisabledWhenFieldsAreEmpty()[pri:0, instance:tests.LoginTests@48aca48b]" started-at="2025-08-03T22:48:24 IST" name="testLoginButtonDisabledWhenFieldsAreEmpty" finished-at="2025-08-03T22:48:25 IST" duration-ms="320" status="PASS">
          <reporter-output>
          </reporter-output>
        </test-method> <!-- testLoginButtonDisabledWhenFieldsAreEmpty -->
        <test-method signature="testPasswordMaskedToggle()[pri:0, instance:tests.LoginTests@48aca48b]" started-at="2025-08-03T22:48:25 IST" name="testPasswordMaskedToggle" finished-at="2025-08-03T22:48:25 IST" duration-ms="137" status="PASS">
          <reporter-output>
          </reporter-output>
        </test-method> <!-- testPasswordMaskedToggle -->
        <test-method signature="testUIElementsPresence()[pri:0, instance:tests.LoginTests@48aca48b]" started-at="2025-08-03T22:48:25 IST" name="testUIElementsPresence" finished-at="2025-08-03T22:48:25 IST" duration-ms="53" status="PASS">
          <reporter-output>
          </reporter-output>
        </test-method> <!-- testUIElementsPresence -->
        <test-method is-config="true" signature="tearDown()[pri:0, instance:tests.LoginTests@48aca48b]" started-at="2025-08-03T22:48:25 IST" name="tearDown" finished-at="2025-08-03T22:48:25 IST" duration-ms="266" status="PASS">
          <reporter-output>
          </reporter-output>
        </test-method> <!-- tearDown -->
      </class> <!-- tests.LoginTests -->
    </test> <!-- Default test -->
  </suite> <!-- Default suite -->
</testng-results>
